BAD	JJ	-->	JJR	WORSE
BIG	JJ	-->	JJR	BIGGER
DIM	JJ	-->	JJR	DIMMER
DRY	JJ	-->	JJR	DRIER
DUD	JJ	-->	JJR	DUDDER
FAR	JJ	-->	JJR	FARTHER
FAR	JJ	-->	JJR	FURTHER
FAT	JJ	-->	JJR	FATTER
FEW	JJ	-->	JJR	FEWER
FIT	JJ	-->	JJR	FITTER
GAY	JJ	-->	JJR	GAYER
HOT	JJ	-->	JJR	HOTTER
ICY	JJ	-->	JJR	ICIER
LOW	JJ	-->	JJR	LOWER
MAD	JJ	-->	JJR	MADDER
NEW	JJ	-->	JJR	NEWER
ODD	JJ	-->	JJR	ODDER
OLD	JJ	-->	JJR	OLDER
RAW	JJ	-->	JJR	RAWER
RED	JJ	-->	JJR	REDDER
SAD	JJ	-->	JJR	SADDER
SHY	JJ	-->	JJR	SHYER
WET	JJ	-->	JJR	WETTER
ABLE	JJ	-->	JJR	ABLER
BARE	JJ	-->	JJR	BARER
BLUE	JJ	-->	JJR	BLUER
BOLD	JJ	-->	JJR	BOLDER
BUSY	JJ	-->	JJR	BUSIER
CALM	JJ	-->	JJR	CALMER
COLD	JJ	-->	JJR	COLDER
CUTE	JJ	-->	JJR	CUTER
DARK	JJ	-->	JJR	DARKER
DEAF	JJ	-->	JJR	DEAFER
DEAR	JJ	-->	JJR	DEARER
DEEP	JJ	-->	JJR	DEEPER
DIRE	JJ	-->	JJR	DIRER
DULL	JJ	-->	JJR	DULLER
DUMB	JJ	-->	JJR	DUMBER
EASY	JJ	-->	JJR	EASIER
FAIR	JJ	-->	JJR	FAIRER
FAST	JJ	-->	JJR	FASTER
FINE	JJ	-->	JJR	FINER
FIRM	JJ	-->	JJR	FIRMER
FLAT	JJ	-->	JJR	FLATTER
FOND	JJ	-->	JJR	FONDER
FOUL	JJ	-->	JJR	FOULER
FREE	JJ	-->	JJR	FREER
FULL	JJ	-->	JJR	FULLER
GLAD	JJ	-->	JJR	GLADDER
GOOD	JJ	-->	JJR	BETTER
GRAY	JJ	-->	JJR	GRAYER
GREY	JJ	-->	JJR	GREYER
GRIM	JJ	-->	JJR	GRIMMER
HARD	JJ	-->	JJR	HARDER
HIGH	JJ	-->	JJR	HIGHER
HOLY	JJ	-->	JJR	HOLIER
KEEN	JJ	-->	JJR	KEENER
KIND	JJ	-->	JJR	KINDER
LATE	JJ	-->	JJR	LATER
LAZY	JJ	-->	JJR	LAZIER
LEAN	JJ	-->	JJR	LEANER
LONG	JJ	-->	JJR	LONGER
LOUD	JJ	-->	JJR	LOUDER
MEAN	JJ	-->	JJR	MEANER
MEEK	JJ	-->	JJR	MEEKER
MERE	JJ	-->	JJR	MERER
MILD	JJ	-->	JJR	MILDER
NEAR	JJ	-->	JJR	NEARER
NEAT	JJ	-->	JJR	NEATER
NICE	JJ	-->	JJR	NICER
OILY	JJ	-->	JJR	OILIER
PALE	JJ	-->	JJR	PALER
PINK	JJ	-->	JJR	PINKER
POOR	JJ	-->	JJR	POORER
PURE	JJ	-->	JJR	PURER
RANK	JJ	-->	JJR	RANKER
RARE	JJ	-->	JJR	RARER
REAL	JJ	-->	JJR	REALER
RICH	JJ	-->	JJR	RICHER
RIPE	JJ	-->	JJR	RIPER
ROSY	JJ	-->	JJR	ROSIER
RUDE	JJ	-->	JJR	RUDER
SAFE	JJ	-->	JJR	SAFER
SANE	JJ	-->	JJR	SANER
SICK	JJ	-->	JJR	SICKER
SLIM	JJ	-->	JJR	SLIMMER
SLOW	JJ	-->	JJR	SLOWER
SOFT	JJ	-->	JJR	SOFTER
SORE	JJ	-->	JJR	SORER
SOUR	JJ	-->	JJR	SOURER
SURE	JJ	-->	JJR	SURER
TALL	JJ	-->	JJR	TALLER
TAME	JJ	-->	JJR	TAMER
THIN	JJ	-->	JJR	THINNER
TINY	JJ	-->	JJR	TINIER
TRIM	JJ	-->	JJR	TRIMMER
TRUE	JJ	-->	JJR	TRUER
UGLY	JJ	-->	JJR	UGLIER
VAST	JJ	-->	JJR	VASTER
VOID	JJ	-->	JJR	VOIDER
WARM	JJ	-->	JJR	WARMER
WARY	JJ	-->	JJR	WARIER
WEAK	JJ	-->	JJR	WEAKER
WIDE	JJ	-->	JJR	WIDER
WILD	JJ	-->	JJR	WILDER
WISE	JJ	-->	JJR	WISER
AMPLE	JJ	-->	JJR	AMPLER
ANGRY	JJ	-->	JJR	ANGRIER
BLACK	JJ	-->	JJR	BLACKER
BLAND	JJ	-->	JJR	BLANDER
BLANK	JJ	-->	JJR	BLANKER
BLEAK	JJ	-->	JJR	BLEAKER
BLUNT	JJ	-->	JJR	BLUNTER
BRAVE	JJ	-->	JJR	BRAVER
BRIEF	JJ	-->	JJR	BRIEFER
BRISK	JJ	-->	JJR	BRISKER
BROAD	JJ	-->	JJR	BROADER
CANNY	JJ	-->	JJR	CANNIER
CHEAP	JJ	-->	JJR	CHEAPER
CLEAR	JJ	-->	JJR	CLEARER
CLOSE	JJ	-->	JJR	CLOSER
CRAZY	JJ	-->	JJR	CRAZIER
CRUDE	JJ	-->	JJR	CRUDER
CRUEL	JJ	-->	JJR	CRUELER
DENSE	JJ	-->	JJR	DENSER
DIRTY	JJ	-->	JJR	DIRTIER
DIZZY	JJ	-->	JJR	DIZZIER
DUSTY	JJ	-->	JJR	DUSTIER
EARLY	JJ	-->	JJR	EARLIER
EMPTY	JJ	-->	JJR	EMPTIER
FAINT	JJ	-->	JJR	FAINTER
FANCY	JJ	-->	JJR	FANCIER
FOGGY	JJ	-->	JJR	FOGGIER
FRAIL	JJ	-->	JJR	FRAILER
FRANK	JJ	-->	JJR	FRANKER
FRESH	JJ	-->	JJR	FRESHER
FUNNY	JJ	-->	JJR	FUNNIER
FUZZY	JJ	-->	JJR	FUZZIER
GRAND	JJ	-->	JJR	GRANDER
GRAVE	JJ	-->	JJR	GRAVER
GREAT	JJ	-->	JJR	GREATER
GREEN	JJ	-->	JJR	GREENER
GROSS	JJ	-->	JJR	GROSSER
HAIRY	JJ	-->	JJR	HAIRIER
HANDY	JJ	-->	JJR	HANDIER
HAPPY	JJ	-->	JJR	HAPPIER
HARSH	JJ	-->	JJR	HARSHER
HEAVY	JJ	-->	JJR	HEAVIER
JOLLY	JJ	-->	JJR	JOLLIER
JUICY	JJ	-->	JJR	JUICIER
LARGE	JJ	-->	JJR	LARGER
LEAFY	JJ	-->	JJR	LEAFIER
LIGHT	JJ	-->	JJR	LIGHTER
LOOSE	JJ	-->	JJR	LOOSER
LOSSY	JJ	-->	JJR	LOSSIER
LOWLY	JJ	-->	JJR	LOWLIER
LUCKY	JJ	-->	JJR	LUCKIER
MERRY	JJ	-->	JJR	MERRIER
MESSY	JJ	-->	JJR	MESSIER
MUDDY	JJ	-->	JJR	MUDDIER
MURKY	JJ	-->	JJR	MURKIER
NASTY	JJ	-->	JJR	NASTIER
NEEDY	JJ	-->	JJR	NEEDIER
NOBLE	JJ	-->	JJR	NOBLER
NOISY	JJ	-->	JJR	NOISIER
PLAIN	JJ	-->	JJR	PLAINER
PROUD	JJ	-->	JJR	PROUDER
QUEER	JJ	-->	JJR	QUEERER
QUICK	JJ	-->	JJR	QUICKER
QUIET	JJ	-->	JJR	QUIETER
RAINY	JJ	-->	JJR	RAINIER
RAPID	JJ	-->	JJR	RAPIDER
READY	JJ	-->	JJR	READIER
ROUGH	JJ	-->	JJR	ROUGHER
ROUND	JJ	-->	JJR	ROUNDER
RUSTY	JJ	-->	JJR	RUSTIER
SALTY	JJ	-->	JJR	SALTIER
SHADY	JJ	-->	JJR	SHADIER
SHAKY	JJ	-->	JJR	SHAKIER
SHARP	JJ	-->	JJR	SHARPER
SHORT	JJ	-->	JJR	SHORTER
SILKY	JJ	-->	JJR	SILKIER
SILLY	JJ	-->	JJR	SILLIER
SLACK	JJ	-->	JJR	SLACKER
SMALL	JJ	-->	JJR	SMALLER
SMART	JJ	-->	JJR	SMARTER
SNOWY	JJ	-->	JJR	SNOWIER
SORRY	JJ	-->	JJR	SORRIER
SOUND	JJ	-->	JJR	SOUNDER
SPARE	JJ	-->	JJR	SPARER
STARK	JJ	-->	JJR	STARKER
STEEP	JJ	-->	JJR	STEEPER
STERN	JJ	-->	JJR	STERNER
STIFF	JJ	-->	JJR	STIFFER
STILL	JJ	-->	JJR	STILLER
STOUT	JJ	-->	JJR	STOUTER
SWEET	JJ	-->	JJR	SWEETER
SWIFT	JJ	-->	JJR	SWIFTER
TENSE	JJ	-->	JJR	TENSER
THICK	JJ	-->	JJR	THICKER
TIGHT	JJ	-->	JJR	TIGHTER
TINNY	JJ	-->	JJR	TINNIER
VAGUE	JJ	-->	JJR	VAGUER
WEARY	JJ	-->	JJR	WEARIER
WHITE	JJ	-->	JJR	WHITER
WINDY	JJ	-->	JJR	WINDIER
YOUNG	JJ	-->	JJR	YOUNGER
NAUGHTY	JJ	-->	JJR	NAUGHTIER
PROFOUND	JJ	-->	JJR	PROFOUNDER
UNHAPPY	JJ	-->	JJR	UNHAPPIER
HEALTHY	JJ	-->	JJR	HEALTHIER
PLEASANT	JJ	-->	JJR	PLEASANTER
SCRATCHY	JJ	-->	JJR	SCRATCHIER
BITTER	JJ	-->	JJR	BITTERER
STRAIGHT	JJ	-->	JJR	STRAIGHTER
BLOODY	JJ	-->	JJR	BLOODIER
BRIGHT	JJ	-->	JJR	BRIGHTER
CHOICE	JJ	-->	JJR	CHOICER
CHOPPY	JJ	-->	JJR	CHOPPIER
CHUBBY	JJ	-->	JJR	CHUBBIER
CLEVER	JJ	-->	JJR	CLEVERER
CLOUDY	JJ	-->	JJR	CLOUDIER
SHALLOW	JJ	-->	JJR	SHALLOWER
COARSE	JJ	-->	JJR	COARSER
COMMON	JJ	-->	JJR	COMMONER
COSTLY	JJ	-->	JJR	COSTLIER
CRANKY	JJ	-->	JJR	CRANKIER
SINCERE	JJ	-->	JJR	SINCERER
FEEBLE	JJ	-->	JJR	FEEBLER
FIERCE	JJ	-->	JJR	FIERCER
FILTHY	JJ	-->	JJR	FILTHIER
FLASHY	JJ	-->	JJR	FLASHIER
FLOPPY	JJ	-->	JJR	FLOPPIER
FLUFFY	JJ	-->	JJR	FLUFFIER
SKETCHY	JJ	-->	JJR	SKETCHIER
GENTLE	JJ	-->	JJR	GENTLER
GLOOMY	JJ	-->	JJR	GLOOMIER
SLENDER	JJ	-->	JJR	SLENDERER
GRASSY	JJ	-->	JJR	GRASSIER
GUILTY	JJ	-->	JJR	GUILTIER
HEARTY	JJ	-->	JJR	HEARTIER
HUMBLE	JJ	-->	JJR	HUMBLER
HUNGRY	JJ	-->	JJR	HUNGRIER
SPRINGY	JJ	-->	JJR	SPRINGIER
LIKELY	JJ	-->	JJR	LIKELIER
LITTLE	JJ	-->	JJR	LESS
LIVELY	JJ	-->	JJR	LIVELIER
LONELY	JJ	-->	JJR	LONELIER
LOVELY	JJ	-->	JJR	LOVELIER
MIGHTY	JJ	-->	JJR	MIGHTIER
MINUTE	JJ	-->	JJR	MINUTER
HANDSOME	JJ	-->	JJR	HANDSOMER
NARROW	JJ	-->	JJR	NARROWER
NIMBLE	JJ	-->	JJR	NIMBLER
STRANGE	JJ	-->	JJR	STRANGER
STRINGY	JJ	-->	JJR	STRINGIER
PATCHY	JJ	-->	JJR	PATCHIER
POLITE	JJ	-->	JJR	POLITER
PRETTY	JJ	-->	JJR	PRETTIER
PROMPT	JJ	-->	JJR	PROMPTER
PURPLE	JJ	-->	JJR	PURPLER
SCANTY	JJ	-->	JJR	SCANTIER
SCARCE	JJ	-->	JJR	SCARCER
SEVERE	JJ	-->	JJR	SEVERER
SHIFTY	JJ	-->	JJR	SHIFTIER
SHREWD	JJ	-->	JJR	SHREWDER
SIMPLE	JJ	-->	JJR	SIMPLER
SLIGHT	JJ	-->	JJR	SLIGHTER
SMOOTH	JJ	-->	JJR	SMOOTHER
SNEAKY	JJ	-->	JJR	SNEAKIER
SPARSE	JJ	-->	JJR	SPARSER
SPEEDY	JJ	-->	JJR	SPEEDIER
STABLE	JJ	-->	JJR	STABLER
STEADY	JJ	-->	JJR	STEADIER
STICKY	JJ	-->	JJR	STICKIER
STORMY	JJ	-->	JJR	STORMIER
STRICT	JJ	-->	JJR	STRICTER
STRONG	JJ	-->	JJR	STRONGER
STUFFY	JJ	-->	JJR	STUFFIER
SUBTLE	JJ	-->	JJR	SUBTLER
THORNY	JJ	-->	JJR	THORNIER
TIMELY	JJ	-->	JJR	TIMELIER
TOUCHY	JJ	-->	JJR	TOUCHIER
TRICKY	JJ	-->	JJR	TRICKIER
UNWISE	JJ	-->	JJR	UNWISER
WEALTHY	JJ	-->	JJR	WEALTHIER
WORTHY	JJ	-->	JJR	WORTHIER
YELLOW	JJ	-->	JJR	YELLOWER
FURIOUS	JJ	-->	JJR	FURIOUSER
CRUNCHY	JJ	-->	JJR	CRUNCHIER
FRIENDLY	JJ	-->	JJR	FRIENDLIER
