1 52, A, B, C, D, E, F, G, H, I, J
2 183, Ac, Ag, Al, Am, Ar, As, At, Au, Av, Ba
3 838, A's, AOL, Abe, Ada, Ala, Ali, Amy, Ana, Ann, Apr
4 3300, Abby, Abel, Ac's, Acts, Adam, Adan, Adar, Aden, Afro, Ag's
5 6697, AOL's, Aaron, Abbas, Abdul, Abe's, Abner, Abram, Abuja, Accra, Acrux
6 11189, Aachen, Abbott, Abby's, Abel's, Abrams, Acadia, Achebe, Acosta, Adam's, Adan's
7 14815, Aaliyah, Aaron's, Abbasid, Abdul's, Abelard, Abelson, Abidjan, Abigail, Abilene, Abner's
8 15738, Aachen's, Abbott's, Aberdeen, Acadia's, Acapulco, Achebe's, Achernar, Achilles, Acosta's, Adderley
9 14342, Aaliyah's, Abbasid's, Abelard's, Abelson's, Abernathy, Abidjan's, Abigail's, Abilene's, Abraham's, Absalom's
10 11518, Aberdeen's, Abyssinian, Acapulco's, Achernar's, Adderley's, Adelaide's, Adenauer's, Adirondack, Adrienne's, Aeroflot's
11 8313, Abernathy's, Abyssinia's, Aconcagua's, Acropolis's, Adirondacks, Adventist's, Aeschylus's, Aesculapius, Afghanistan, Afrikaans's
12 5403, Adirondack's, Afrocentrism, Alamogordo's, Alcibiades's, Alexandria's, Algonquian's, Americanisms, Americanized, Americanizes, Amerindian's
13 3108, Aesculapius's, Afghanistan's, Albuquerque's, Americanism's, Americanizing, Anglicanism's, Antofagasta's, Apollinaire's, Aristarchus's, Arkhangelsk's
14 1593, Antananarivo's, Apalachicola's, Aristophanes's, Ashurbanipal's, Barquisimeto's, Barranquilla's, Beaumarchais's, Bloemfontein's, Bloomingdale's, Breckenridge's
15 837, Americanization, Butterfingers's, Chandrasekhar's, Charlottetown's, Chattahoochee's, Czechoslovakian, Establishment's, Hellenization's, Huitzilopitchli, Knickerbocker's
16 363, Americanizations, Australopithecus, Camelopardalis's, Chancellorsville, Chappaquiddick's, Constantinople's, Czechoslovakia's, Czechoslovakians, Dnepropetrovsk's, Finnbogadottir's
17 168, Americanization's, Congregationalist, Huitzilopitchli's, Netzahualcoyotl's, Rumpelstiltskin's, acclimatization's, acquisitiveness's, anesthesiologists, appropriateness's, atherosclerosis's
18 66, Australopithecus's, Chancellorsville's, Congregationalists, anesthesiologist's, anthropomorphism's, apprehensiveness's, arteriosclerosis's, authoritarianism's, bloodthirstiness's, cantankerousness's
19 28, authoritativeness's, chlorofluorocarbons, commercialization's, comprehensibility's, comprehensiveness's, conceptualization's, conscientiousness's, constitutionality's, contradistinction's, conversationalist's
20 8, Andrianampoinimerina, counterrevolutionary, disenfranchisement's, electrocardiograph's, electroencephalogram, oversimplification's, transubstantiation's, uncharacteristically
21 3, counterintelligence's, electroencephalograms, electroencephalograph
22 5, Andrianampoinimerina's, counterrevolutionaries, counterrevolutionary's, electroencephalogram's, electroencephalographs
23 1, electroencephalograph's
