BET	VB	-->	VBD	BETTED	BET
BID	VB	-->	VBD	BADE	BID
BUS	VB	-->	VBD	BUSSED	BUSED
DIG	VB	-->	VBD	DIGGED	DUG
LIE	VB	-->	VBD	LIED	LAY
BEAR	VB	-->	VBD	BEARED	BORE
BEND	VB	-->	VBD	BENDED	BENT
BIDE	VB	-->	VBD	BIDDED	BODE
BURN	VB	-->	VBD	BURNT	BURNED
DIAL	VB	-->	VBD	DIALLED	DIALED
DUEL	VB	-->	VBD	DUELLED	DUELED
FUEL	VB	-->	VBD	FUELLED	FUELED
HANG	VB	-->	VBD	HANGED	HUNG
KNIT	VB	-->	VBD	KNIT	KNITTED
LEAP	VB	-->	VBD	LEAPT	LEAPED
RING	VB	-->	VBD	RINGED	RANG
SINK	VB	-->	VBD	SUNK	SANK
SPIN	VB	-->	VBD	SPAN	SPUN
WAKE	VB	-->	VBD	WAKED	WOKE
WIND	VB	-->	VBD	WINDED	WOUND
ABIDE	VB	-->	VBD	ABIDED	ABODE
APPAL	VB	-->	VBD	APPALED	APPALLED
BEVEL	VB	-->	VBD	BEVELLED	BEVELED
BURST	VB	-->	VBD	BURSTED	BURST
CAROL	VB	-->	VBD	CAROLLED	CAROLED
CAVIL	VB	-->	VBD	CAVILLED	CAVILED
CUPEL	VB	-->	VBD	CUPELLED	CUPELED
DEGAS	VB	-->	VBD	DEGASED	DEGASSED
DOWEL	VB	-->	VBD	DOWELLED	DOWELED
DREAM	VB	-->	VBD	DREAMT	DREAMED
DWELL	VB	-->	VBD	DWELLED	DWELT
EQUAL	VB	-->	VBD	EQUALLED	EQUALED
FOCUS	VB	-->	VBD	FOCUSSED	FOCUSED
GAVEL	VB	-->	VBD	GAVELLED	GAVELED
INPUT	VB	-->	VBD	INPUTTED	INPUT
AUTOLEVEL	VB	-->	VBD	AUTOLEVELLED	AUTOLEVELED
JEWEL	VB	-->	VBD	JEWELLED	JEWELED
LABEL	VB	-->	VBD	LABELLED	LABELED
LEARN	VB	-->	VBD	LEARNT	LEARNED
LEVEL	VB	-->	VBD	LEVELLED	LEVELED
LIBEL	VB	-->	VBD	LIBELLED	LIBELED
LIGHT	VB	-->	VBD	LIGHTED	LIT
METAL	VB	-->	VBD	METALLED	METALED
MODEL	VB	-->	VBD	MODELLED	MODELED
PANEL	VB	-->	VBD	PANELLED	PANELED
PEDAL	VB	-->	VBD	PEDALLED	PEDALED
PERIL	VB	-->	VBD	PERILLED	PERILED
RAVEL	VB	-->	VBD	RAVELLED	RAVELED
RIVAL	VB	-->	VBD	RIVALLED	RIVALED
ROWEL	VB	-->	VBD	ROWELLED	ROWELED
SPEED	VB	-->	VBD	SPEEDED	SPED
SPELL	VB	-->	VBD	SPELT	SPELLED
SPILL	VB	-->	VBD	SPILT	SPILLED
SPOIL	VB	-->	VBD	SPOILT	SPOILED
STICK	VB	-->	VBD	STICKED	STUCK
TOTAL	VB	-->	VBD	TOTALLED	TOTALED
TOWEL	VB	-->	VBD	TOWELLED	TOWELED
TRAMMEL	VB	-->	VBD	TRAMMELLED	TRAMMELED
WRING	VB	-->	VBD	WRINGED	WRUNG
BROADCAST	VB	-->	VBD	BROADCASTED	BROADCAST
TABULARISE	VB	-->	VBD	TABULAROSE	TABULARISED
REFORMAT	VB	-->	VBD	REFORMATED	REFORMATTED
DEMETAL	VB	-->	VBD	DEMETALLED	DEMETALED
PRELABEL	VB	-->	VBD	PRELABELLED	PRELABELED
QUARREL	VB	-->	VBD	QUARRELLED	QUARRELED
OUTRIVAL	VB	-->	VBD	OUTRIVALLED	OUTRIVALED
HANDSEL	VB	-->	VBD	HANDSELLED	HANDSELED
ARBORISE	VB	-->	VBD	ARBOROSE	ARBORISED
UNLABEL	VB	-->	VBD	UNLABELLED	UNLABELED
UNLEVEL	VB	-->	VBD	UNLEVELLED	UNLEVELED
UNRAVEL	VB	-->	VBD	UNRAVELLED	UNRAVELED
APPAREL	VB	-->	VBD	APPARELLED	APPARELED
RELABEL	VB	-->	VBD	RELABELLED	RELABELED
REMODEL	VB	-->	VBD	REMODELLED	REMODELED
REPROGRAMME	VB	-->	VBD	REPROGRAMED	REPROGRAMMED
RADIOLABEL	VB	-->	VBD	RADIOLABELLED	RADIOLABELED
OVERCANCEL	VB	-->	VBD	OVERCANCELLED	OVERCANCELED
DISEMBOWEL	VB	-->	VBD	DISEMBOWELLED	DISEMBOWELED
ODORISE	VB	-->	VBD	ODOROSE	ODORISED
OVERFUEL	VB	-->	VBD	OVERFUELLED	OVERFUELED
DEPROGRAM	VB	-->	VBD	DEPROGRAMED	DEPROGRAMMED
PRECANCEL	VB	-->	VBD	PRECANCELLED	PRECANCELED
EMBOWEL	VB	-->	VBD	EMBOWELLED	EMBOWELED
EMPANEL	VB	-->	VBD	EMPANELLED	EMPANELED
DISHEVEL	VB	-->	VBD	DISHEVELLED	DISHEVELED
UNPROGRAM	VB	-->	VBD	UNPROGRAMED	UNPROGRAMMED
OVERSPREAD	VB	-->	VBD	OVERSPREADED	OVERSPREAD
BEJEWEL	VB	-->	VBD	BEJEWELLED	BEJEWELED
BENEFIT	VB	-->	VBD	BENEFITTED	BENEFITED
PROGRAMME	VB	-->	VBD	PROGRAMED	PROGRAMMED
UNCANCEL	VB	-->	VBD	UNCANCELLED	UNCANCELED
VICTUAL	VB	-->	VBD	VICTUALLED	VICTUALED
OUTDIAL	VB	-->	VBD	OUTDIALLED	OUTDIALED
UNKENNEL	VB	-->	VBD	UNKENNELLED	UNKENNELED
PREPROGRAMME	VB	-->	VBD	PREPROGRAMED	PREPROGRAMMED
BARREL	VB	-->	VBD	BARRELLED	BARRELED
CANCEL	VB	-->	VBD	CANCELLED	CANCELED
COMBAT	VB	-->	VBD	COMBATTED	COMBATED
CORBEL	VB	-->	VBD	CORBELLED	CORBELED
CUDGEL	VB	-->	VBD	CUDGELLED	CUDGELED
SHRIVEL	VB	-->	VBD	SHRIVELLED	SHRIVELED
DEFUEL	VB	-->	VBD	DEFUELLED	DEFUELED
DESPIN	VB	-->	VBD	DESPAN	DESPUN
DOGNAP	VB	-->	VBD	DOGNAPED	DOGNAPPED
ENAMEL	VB	-->	VBD	ENAMELLED	ENAMELED
FUNNEL	VB	-->	VBD	FUNNELLED	FUNNELED
GAMBOL	VB	-->	VBD	GAMBOLLED	GAMBOLED
GRAVEL	VB	-->	VBD	GRAVELLED	GRAVELED
GROVEL	VB	-->	VBD	GROVELLED	GROVELED
HANSEL	VB	-->	VBD	HANSELLED	HANSELED
IMPANEL	VB	-->	VBD	IMPANELLED	IMPANELED
IMPERIL	VB	-->	VBD	IMPERILLED	IMPERILED
REINSTALL	VB	-->	VBD	REINSTALED	REINSTALLED
HOUSEL	VB	-->	VBD	HOUSELLED	HOUSELED
INITIAL	VB	-->	VBD	INITIALLED	INITIALED
KENNEL	VB	-->	VBD	KENNELLED	KENNELED
MARVEL	VB	-->	VBD	MARVELLED	MARVELED
COUNTERSINK	VB	-->	VBD	COUNTERSINKED	COUNTERSUNK
PARCEL	VB	-->	VBD	PARCELLED	PARCELED
PENCIL	VB	-->	VBD	PENCILLED	PENCILED
SQUIRREL	VB	-->	VBD	SQUIRRELLED	SQUIRRELED
POMMEL	VB	-->	VBD	POMMELLED	POMMELED
PUMMEL	VB	-->	VBD	PUMMELLED	PUMMELED
SUNBURN	VB	-->	VBD	SUNBURNT	SUNBURNED
REDIAL	VB	-->	VBD	REDIALLED	REDIALED
REFUEL	VB	-->	VBD	REFUELLED	REFUELED
REMOLD	VB	-->	VBD	REMOULDED	REMOLDED
MARSHAL	VB	-->	VBD	MARSHALLED	MARSHALED
SHOVEL	VB	-->	VBD	SHOVELLED	SHOVELED
SHRINK	VB	-->	VBD	SHRUNK	SHRANK
SIGNAL	VB	-->	VBD	SIGNALLED	SIGNALED
SNIVEL	VB	-->	VBD	SNIVELLED	SNIVELED
SPIRAL	VB	-->	VBD	SPIRALLED	SPIRALED
STRIVE	VB	-->	VBD	STROVE	STRIVED
SWIVEL	VB	-->	VBD	SWIVELLED	SWIVELED
TARGET	VB	-->	VBD	TARGETTED	TARGETED
TASSEL	VB	-->	VBD	TASSELLED	TASSELED
TEASEL	VB	-->	VBD	TEASELLED	TEASELED
TINSEL	VB	-->	VBD	TINSELLED	TINSELED
TROWEL	VB	-->	VBD	TROWELLED	TROWELED
TUNNEL	VB	-->	VBD	TUNNELLED	TUNNELED
MISLABEL	VB	-->	VBD	MISLABELLED	MISLABELED
MISSPELL	VB	-->	VBD	MISSPELT	MISSPELLED
CHANNEL	VB	-->	VBD	CHANNELLED	CHANNELED
PROGRAM	VB	-->	VBD	PROGRAMED	PROGRAMMED
OVERLABEL	VB	-->	VBD	OVERLABELLED	OVERLABELED
MISDIAL	VB	-->	VBD	MISDIALLED	MISDIALED
REBROADCAST	VB	-->	VBD	REBROADCASTED	REBROADCAST
COUNSEL	VB	-->	VBD	COUNSELLED	COUNSELED
WORSHIP	VB	-->	VBD	WORSHIPPED	WORSHIPED
SELFBUILD	VB	-->	VBD	SELFBUILDED	SELFBUILT
JOURNAL	VB	-->	VBD	JOURNALLED	JOURNALED
