CASE: 1
Iteration #0: [5, 4, 3, 2, 1]
Scanning 0..3
Swap #0 #1  : [4, 5, 3, 2, 1]
Swap #1 #2  : [4, 3, 5, 2, 1]
Swap #2 #3  : [4, 3, 2, 5, 1]
Swap #3 #4  : [4, 3, 2, 1, 5]
Iteration #1: [4, 3, 2, 1, 5]
Scanning 0..2
Swap #0 #1  : [3, 4, 2, 1, 5]
Swap #1 #2  : [3, 2, 4, 1, 5]
Swap #2 #3  : [3, 2, 1, 4, 5]
Iteration #2: [3, 2, 1, 4, 5]
Scanning 0..1
Swap #0 #1  : [2, 3, 1, 4, 5]
Swap #1 #2  : [2, 1, 3, 4, 5]
Iteration #3: [2, 1, 3, 4, 5]
Scanning 0..0
Swap #0 #1  : [1, 2, 3, 4, 5]
Iteration #4: [1, 2, 3, 4, 5]
Scanning 0..-1
true
CASE: 2
Iteration #0: [3, 2, 3, 5, 1, 9, 1, 11]
Scanning 0..6
Swap #0 #1  : [2, 3, 3, 5, 1, 9, 1, 11]
Swap #3 #4  : [2, 3, 3, 1, 5, 9, 1, 11]
Swap #5 #6  : [2, 3, 3, 1, 5, 1, 9, 11]
Iteration #1: [2, 3, 3, 1, 5, 1, 9, 11]
Scanning 0..4
Swap #2 #3  : [2, 3, 1, 3, 5, 1, 9, 11]
Swap #4 #5  : [2, 3, 1, 3, 1, 5, 9, 11]
Iteration #2: [2, 3, 1, 3, 1, 5, 9, 11]
Scanning 0..3
Swap #1 #2  : [2, 1, 3, 3, 1, 5, 9, 11]
Swap #3 #4  : [2, 1, 3, 1, 3, 5, 9, 11]
Iteration #3: [2, 1, 3, 1, 3, 5, 9, 11]
Scanning 0..2
Swap #0 #1  : [1, 2, 3, 1, 3, 5, 9, 11]
Swap #2 #3  : [1, 2, 1, 3, 3, 5, 9, 11]
Iteration #4: [1, 2, 1, 3, 3, 5, 9, 11]
Scanning 0..1
Swap #1 #2  : [1, 1, 2, 3, 3, 5, 9, 11]
Iteration #5: [1, 1, 2, 3, 3, 5, 9, 11]
Scanning 0..0
true
CASE: sorting empty array
Iteration #0: []
Scanning 0..-2
true
CASE: sorting 1-element array
Iteration #0: [1]
Scanning 0..-1
true
CASE: sorting 2-element sorted array
Iteration #0: [1, 2]
Scanning 0..0
true
CASE: sorting 2-element unsorted array
Iteration #0: [2, 1]
Scanning 0..0
Swap #0 #1  : [1, 2]
Iteration #1: [1, 2]
Scanning 0..-1
true
CASE: already sorted
Iteration #0: [1, 2, 2, 5, 6, 9, 11]
Scanning 0..5
true
CASE: sorted in reverse order
Iteration #0: [11, 9, 6, 5, 2, 2, 1]
Scanning 0..5
Swap #0 #1  : [9, 11, 6, 5, 2, 2, 1]
Swap #1 #2  : [9, 6, 11, 5, 2, 2, 1]
Swap #2 #3  : [9, 6, 5, 11, 2, 2, 1]
Swap #3 #4  : [9, 6, 5, 2, 11, 2, 1]
Swap #4 #5  : [9, 6, 5, 2, 2, 11, 1]
Swap #5 #6  : [9, 6, 5, 2, 2, 1, 11]
Iteration #1: [9, 6, 5, 2, 2, 1, 11]
Scanning 0..4
Swap #0 #1  : [6, 9, 5, 2, 2, 1, 11]
Swap #1 #2  : [6, 5, 9, 2, 2, 1, 11]
Swap #2 #3  : [6, 5, 2, 9, 2, 1, 11]
Swap #3 #4  : [6, 5, 2, 2, 9, 1, 11]
Swap #4 #5  : [6, 5, 2, 2, 1, 9, 11]
Iteration #2: [6, 5, 2, 2, 1, 9, 11]
Scanning 0..3
Swap #0 #1  : [5, 6, 2, 2, 1, 9, 11]
Swap #1 #2  : [5, 2, 6, 2, 1, 9, 11]
Swap #2 #3  : [5, 2, 2, 6, 1, 9, 11]
Swap #3 #4  : [5, 2, 2, 1, 6, 9, 11]
Iteration #3: [5, 2, 2, 1, 6, 9, 11]
Scanning 0..2
Swap #0 #1  : [2, 5, 2, 1, 6, 9, 11]
Swap #1 #2  : [2, 2, 5, 1, 6, 9, 11]
Swap #2 #3  : [2, 2, 1, 5, 6, 9, 11]
Iteration #4: [2, 2, 1, 5, 6, 9, 11]
Scanning 0..1
Swap #1 #2  : [2, 1, 2, 5, 6, 9, 11]
Iteration #5: [2, 1, 2, 5, 6, 9, 11]
Scanning 0..0
Swap #0 #1  : [1, 2, 2, 5, 6, 9, 11]
Iteration #6: [1, 2, 2, 5, 6, 9, 11]
Scanning 0..-1
true
CASE: almost sorted 1
Iteration #0: [2, 3, 4, 5, 6, 9, 1]
Scanning 0..5
Swap #5 #6  : [2, 3, 4, 5, 6, 1, 9]
Iteration #1: [2, 3, 4, 5, 6, 1, 9]
Scanning 0..4
Swap #4 #5  : [2, 3, 4, 5, 1, 6, 9]
Iteration #2: [2, 3, 4, 5, 1, 6, 9]
Scanning 0..3
Swap #3 #4  : [2, 3, 4, 1, 5, 6, 9]
Iteration #3: [2, 3, 4, 1, 5, 6, 9]
Scanning 0..2
Swap #2 #3  : [2, 3, 1, 4, 5, 6, 9]
Iteration #4: [2, 3, 1, 4, 5, 6, 9]
Scanning 0..1
Swap #1 #2  : [2, 1, 3, 4, 5, 6, 9]
Iteration #5: [2, 1, 3, 4, 5, 6, 9]
Scanning 0..0
Swap #0 #1  : [1, 2, 3, 4, 5, 6, 9]
Iteration #6: [1, 2, 3, 4, 5, 6, 9]
Scanning 0..-1
true
CASE: almost sorted 2
Iteration #0: [1, 2, 3, 6, 5, 9, 11, 12, 20]
Scanning 0..7
Swap #3 #4  : [1, 2, 3, 5, 6, 9, 11, 12, 20]
Iteration #1: [1, 2, 3, 5, 6, 9, 11, 12, 20]
Scanning 0..2
true
