GO	VB	-->	VBD	WENT
BET	VB	-->	VBD	BET
BID	VB	-->	VBD	BADE
BID	VB	-->	VBD	BID
BUY	VB	-->	VBD	BOUGHT
CUT	VB	-->	VBD	CUT
DIG	VB	-->	VBD	DUG
EAT	VB	-->	VBD	ATE
FLY	VB	-->	VBD	FLEW
GET	VB	-->	VBD	GOT
HIT	VB	-->	VBD	HIT
LAY	VB	-->	VBD	LAID
LET	VB	-->	VBD	LET
LIE	VB	-->	VBD	LAY
PAY	VB	-->	VBD	PAID
PUT	VB	-->	VBD	PUT
RID	VB	-->	VBD	RID
RUN	VB	-->	VBD	RAN
SAY	VB	-->	VBD	SAID
SEE	VB	-->	VBD	SAW
SET	VB	-->	VBD	SET
SIT	VB	-->	VBD	SAT
WIN	VB	-->	VBD	WON
BEAR	VB	-->	VBD	BORE
BEAT	VB	-->	VBD	BEAT
BEND	VB	-->	VBD	BENT
BIDE	VB	-->	VBD	BODE
BIND	VB	-->	VBD	BOUND
BITE	VB	-->	VBD	BIT
BLOW	VB	-->	VBD	BLEW
BURN	VB	-->	VBD	BURNT
CAST	VB	-->	VBD	CAST
COME	VB	-->	VBD	CAME
COST	VB	-->	VBD	COST
DEAL	VB	-->	VBD	DEALT
DRAW	VB	-->	VBD	DREW
FALL	VB	-->	VBD	FELL
FEEL	VB	-->	VBD	FELT
FIND	VB	-->	VBD	FOUND
GIVE	VB	-->	VBD	GAVE
GROW	VB	-->	VBD	GREW
HANG	VB	-->	VBD	HUNG
HEAR	VB	-->	VBD	HEARD
HIDE	VB	-->	VBD	HID
HOLD	VB	-->	VBD	HELD
HURT	VB	-->	VBD	HURT
KEEP	VB	-->	VBD	KEPT
KNIT	VB	-->	VBD	KNIT
KNOW	VB	-->	VBD	KNEW
LEAP	VB	-->	VBD	LEAPT
LEND	VB	-->	VBD	LENT
LOSE	VB	-->	VBD	LOST
MAKE	VB	-->	VBD	MADE
MEAN	VB	-->	VBD	MEANT
MEET	VB	-->	VBD	MET
READ	VB	-->	VBD	READ
RIDE	VB	-->	VBD	RODE
RING	VB	-->	VBD	RANG
RISE	VB	-->	VBD	ROSE
SEEK	VB	-->	VBD	SOUGHT
SELL	VB	-->	VBD	SOLD
SEND	VB	-->	VBD	SENT
SHED	VB	-->	VBD	SHED
SHOE	VB	-->	VBD	SHOD
SHOT	VB	-->	VBD	SHOT
SHUT	VB	-->	VBD	SHUT
SING	VB	-->	VBD	SANG
SINK	VB	-->	VBD	SUNK
SINK	VB	-->	VBD	SANK
SLAY	VB	-->	VBD	SLEW
SPIN	VB	-->	VBD	SPAN
SPIN	VB	-->	VBD	SPUN
SWIM	VB	-->	VBD	SWAM
TAKE	VB	-->	VBD	TOOK
TEAR	VB	-->	VBD	TORE
TELL	VB	-->	VBD	TOLD
UNDO	VB	-->	VBD	UNDID
WAKE	VB	-->	VBD	WOKE
WEAR	VB	-->	VBD	WORE
WEEP	VB	-->	VBD	WEPT
WIND	VB	-->	VBD	WOUND
ABIDE	VB	-->	VBD	ABODE
ARISE	VB	-->	VBD	AROSE
AWAKE	VB	-->	VBD	AWOKE
BEGET	VB	-->	VBD	BEGOT
BEGIN	VB	-->	VBD	BEGAN
BESET	VB	-->	VBD	BESET
BREAK	VB	-->	VBD	BROKE
BRING	VB	-->	VBD	BROUGHT
BUILD	VB	-->	VBD	BUILT
BURST	VB	-->	VBD	BURST
CATCH	VB	-->	VBD	CAUGHT
CLING	VB	-->	VBD	CLUNG
CREEP	VB	-->	VBD	CREPT
DREAM	VB	-->	VBD	DREAMT
DRINK	VB	-->	VBD	DRANK
DRIVE	VB	-->	VBD	DROVE
DWELL	VB	-->	VBD	DWELT
FIGHT	VB	-->	VBD	FOUGHT
FLING	VB	-->	VBD	FLUNG
GRIND	VB	-->	VBD	GROUND
INLAY	VB	-->	VBD	INLAID
INPUT	VB	-->	VBD	INPUT
KNEEL	VB	-->	VBD	KNELT
LEARN	VB	-->	VBD	LEARNT
LEAVE	VB	-->	VBD	LEFT
LIGHT	VB	-->	VBD	LIT
REBID	VB	-->	VBD	REBID
RECUT	VB	-->	VBD	RECUT
REPAY	VB	-->	VBD	REPAID
RESET	VB	-->	VBD	RESET
SHAKE	VB	-->	VBD	SHOOK
SHINE	VB	-->	VBD	SHONE
SHOOT	VB	-->	VBD	SHOT
SLEEP	VB	-->	VBD	SLEPT
SLIDE	VB	-->	VBD	SLID
SPEAK	VB	-->	VBD	SPOKE
SPELL	VB	-->	VBD	SPELT
SPEND	VB	-->	VBD	SPENT
SPILL	VB	-->	VBD	SPILT
SPLIT	VB	-->	VBD	SPLIT
SPOIL	VB	-->	VBD	SPOILT
STAND	VB	-->	VBD	STOOD
STEAL	VB	-->	VBD	STOLE
STICK	VB	-->	VBD	STUCK
STING	VB	-->	VBD	STUNG
SWEAR	VB	-->	VBD	SWORE
SWEEP	VB	-->	VBD	SWEPT
SWING	VB	-->	VBD	SWUNG
TEACH	VB	-->	VBD	TAUGHT
THINK	VB	-->	VBD	THOUGHT
THROW	VB	-->	VBD	THREW
TREAD	VB	-->	VBD	TROD
UNLAY	VB	-->	VBD	UNLAID
UNSAY	VB	-->	VBD	UNSAID
UPSET	VB	-->	VBD	UPSET
WEAVE	VB	-->	VBD	WOVE
WRING	VB	-->	VBD	WRUNG
WRITE	VB	-->	VBD	WROTE
WITHDRAW	VB	-->	VBD	WITHDREW
WITHHOLD	VB	-->	VBD	WITHHELD
RUN CURRENT	VB	-->	VBD	RAN CURRENT
READ-OUT	VB	-->	VBD	READ-OUT
RECLEAVE	VB	-->	VBD	RECLEFT
THROUGHGO	VB	-->	VBD	THROUGHWENT
BROADCAST	VB	-->	VBD	BROADCAST
TABULARISE	VB	-->	VBD	TABULAROSE
SIMULCAST	VB	-->	VBD	SIMULCAST
SOOTHSAY	VB	-->	VBD	SOOTHSAID
UNDERSTAND	VB	-->	VBD	UNDERSTOOD
UNDERWRITE	VB	-->	VBD	UNDERWROTE
FORETELL	VB	-->	VBD	FORETOLD
HOUSEBREAK	VB	-->	VBD	HOUSEBROKE
PRESHOOT	VB	-->	VBD	PRESHOT
HOLD GOOD	VB	-->	VBD	HELD GOOD
BUILD-UP	VB	-->	VBD	BUILT-UP
LASER-CUT	VB	-->	VBD	LASER-CUT
MISUNDERSTAND	VB	-->	VBD	MISUNDERSTOOD
TAKE PLACE	VB	-->	VBD	TOOK PLACE
PHOTOSIT	VB	-->	VBD	PHOTOSAT
TAKE NOTE OF	VB	-->	VBD	TOOK NOTE OF
OUTBREAK	VB	-->	VBD	OUTBROKE
OUTBUILD	VB	-->	VBD	OUTBUILT
OUTSHOOT	VB	-->	VBD	OUTSHOT
OUTSPEAK	VB	-->	VBD	OUTSPOKE
ARBORISE	VB	-->	VBD	ARBOROSE
FINEDRAW	VB	-->	VBD	FINEDREW
DESPREAD	VB	-->	VBD	DESPREAD
UNBUILD	VB	-->	VBD	UNBUILT
UNDERGO	VB	-->	VBD	UNDERWENT
UNDRIVE	VB	-->	VBD	UNDROVE
UNTEACH	VB	-->	VBD	UNTAUGHT
REBUILD	VB	-->	VBD	REBUILT
UPBUILD	VB	-->	VBD	UPBUILT
RESHOOT	VB	-->	VBD	RESHOT
RETHINK	VB	-->	VBD	RETHOUGHT
REWRITE	VB	-->	VBD	REWROTE
COPYREAD	VB	-->	VBD	COPYREAD
THINK FIT	VB	-->	VBD	THOUGHT FIT
ODORISE	VB	-->	VBD	ODOROSE
TAKE CARE	VB	-->	VBD	TOOK CARE
OVERBLOW	VB	-->	VBD	OVERBLEW
OVERCOME	VB	-->	VBD	OVERCAME
OVERDRAW	VB	-->	VBD	OVERDREW
OVERHANG	VB	-->	VBD	OVERHUNG
OVERHEAR	VB	-->	VBD	OVERHEARD
OVERRIDE	VB	-->	VBD	OVERRODE
OVERTAKE	VB	-->	VBD	OVERTOOK
SIDE-WRITE	VB	-->	VBD	SIDE-WROTE
OVERSPREAD	VB	-->	VBD	OVERSPREAD
BESPEAK	VB	-->	VBD	BESPOKE
UNDERBID	VB	-->	VBD	UNDERBID
UNDERBUY	VB	-->	VBD	UNDERBOUGHT
UNDERCUT	VB	-->	VBD	UNDERCUT
UNDERLIE	VB	-->	VBD	UNDERLAY
UNDERPAY	VB	-->	VBD	UNDERPAID
UNDERSET	VB	-->	VBD	UNDERSET
GO CURRENT	VB	-->	VBD	WENT CURRENT
OUTGROW	VB	-->	VBD	OUTGREW
OVERBID	VB	-->	VBD	OVERBID
OVERFLY	VB	-->	VBD	OVERFLEW
OVERLAY	VB	-->	VBD	OVERLAID
OVERLIE	VB	-->	VBD	OVERLAY
OVERPAY	VB	-->	VBD	OVERPAID
OVERRUN	VB	-->	VBD	OVERRAN
OVERSEE	VB	-->	VBD	OVERSAW
OVERSET	VB	-->	VBD	OVERSET
PROOFREAD	VB	-->	VBD	PROOFREAD
TAKE INTO ACCOUNT	VB	-->	VBD	TOOK INTO ACCOUNT
REVERSE-DRIVE	VB	-->	VBD	REVERSE-DROVE
SEE FIT	VB	-->	VBD	SAW FIT
INTERCUT	VB	-->	VBD	INTERCUT
INTERLAY	VB	-->	VBD	INTERLAID
BECOME	VB	-->	VBD	BECAME
BEFALL	VB	-->	VBD	BEFELL
BEGIRD	VB	-->	VBD	BEGIRT
HOLD TRUE OF	VB	-->	VBD	HELD TRUE OF
CHOOSE	VB	-->	VBD	CHOSE
TAKE ACCOUNT OF	VB	-->	VBD	TOOK ACCOUNT OF
DESPIN	VB	-->	VBD	DESPAN
DESPIN	VB	-->	VBD	DESPUN
LAY CLAIM TO	VB	-->	VBD	LAID CLAIM TO
FORBID	VB	-->	VBD	FORBADE
FORGET	VB	-->	VBD	FORGOT
FREEZE	VB	-->	VBD	FROZE
PARTAKE	VB	-->	VBD	PARTOOK
UNSTRING	VB	-->	VBD	UNSTRUNG
COUNTERSINK	VB	-->	VBD	COUNTERSUNK
MISHIT	VB	-->	VBD	MISHIT
FILMSET	VB	-->	VBD	FILMSET
OFFSET	VB	-->	VBD	OFFSET
PIPELAY	VB	-->	VBD	PIPELAID
OUTBID	VB	-->	VBD	OUTBID
OUTLET	VB	-->	VBD	OUTLET
OVERDO	VB	-->	VBD	OVERDID
PRECUT	VB	-->	VBD	PRECUT
SUNBURN	VB	-->	VBD	SUNBURNT
UNDERTAKE	VB	-->	VBD	UNDERTOOK
REMAKE	VB	-->	VBD	REMADE
RESELL	VB	-->	VBD	RESOLD
RETAKE	VB	-->	VBD	RETOOK
REWIND	VB	-->	VBD	REWOUND
RENDER-SET	VB	-->	VBD	RENDER-SET
SHRINK	VB	-->	VBD	SHRUNK
SHRINK	VB	-->	VBD	SHRANK
SPREAD	VB	-->	VBD	SPREAD
SPRING	VB	-->	VBD	SPRANG
STRIDE	VB	-->	VBD	STRODE
STRIKE	VB	-->	VBD	STRUCK
STRING	VB	-->	VBD	STRUNG
STRIVE	VB	-->	VBD	STROVE
SUBLET	VB	-->	VBD	SUBLET
SUBSET	VB	-->	VBD	SUBSET
THRUST	VB	-->	VBD	THRUST
FORESEE	VB	-->	VBD	FORESAW
FORGIVE	VB	-->	VBD	FORGAVE
MISSPELL	VB	-->	VBD	MISSPELT
UNDRAW	VB	-->	VBD	UNDREW
UNHANG	VB	-->	VBD	UNHUNG
UNMAKE	VB	-->	VBD	UNMADE
UNWIND	VB	-->	VBD	UNWOUND
UPCAST	VB	-->	VBD	UPCAST
UPHOLD	VB	-->	VBD	UPHELD
SAFEKEEP	VB	-->	VBD	SAFEKEPT
PRECAST	VB	-->	VBD	PRECAST
OVERDRIVE	VB	-->	VBD	OVERDROVE
OVERSHOOT	VB	-->	VBD	OVERSHOT
OVERTHROW	VB	-->	VBD	OVERTHREW
MISCAST	VB	-->	VBD	MISCAST
MISREAD	VB	-->	VBD	MISREAD
MISTAKE	VB	-->	VBD	MISTOOK
PUT-PUT	VB	-->	VBD	PUT-PUT
BACKDRIVE	VB	-->	VBD	BACKDROVE
BACKLIGHT	VB	-->	VBD	BACKLIT
REBROADCAST	VB	-->	VBD	REBROADCAST
WITHSTAND	VB	-->	VBD	WITHSTOOD
PHOTOWRITE	VB	-->	VBD	PHOTOWROTE
SELFBUILD	VB	-->	VBD	SELFBUILT
TELECAST	VB	-->	VBD	TELECAST
FEED-OUT	VB	-->	VBD	FED-OUT
Verbs (VB) in dictionary: 11785
Regular/irregular VBD: 8948/280
