Sentences: 100 (100)
Features:  34136
Reduced features:  18632
#1	err=0.313711	fx=15587.2	delta=1	xnorm=1	gnorm=6084.89
#2	err=0.313711	fx=13924.4	delta=1	xnorm=2.66722	gnorm=7382.49
#3	err=0.313711	fx=10953.7	delta=1	xnorm=2.51481	gnorm=4443.69
#4	err=0.251003	fx=9405.06	delta=0.657326	xnorm=3.25559	gnorm=4685.32
#5	err=0.266193	fx=8292.07	delta=0.679249	xnorm=3.49178	gnorm=1922.07
#6	err=0.294337	fx=7622.77	delta=0.436978	xnorm=4.18169	gnorm=2113.97
#7	err=0.225152	fx=6963.19	delta=0.350683	xnorm=4.90183	gnorm=1046.59
#8	err=0.237189	fx=6500.67	delta=0.275572	xnorm=5.66387	gnorm=1782.64
#9	err=0.212771	fx=5895.86	delta=0.292903	xnorm=7.06945	gnorm=1210.19
#10	err=0.205549	fx=5396	delta=0.290435	xnorm=8.28708	gnorm=758.737
#11	err=0.189155	fx=4685.5	delta=0.387401	xnorm=10.804	gnorm=588.873
#12	err=0.164049	fx=4143.97	delta=0.422757	xnorm=14.8812	gnorm=699.348
#13	err=0.161355	fx=3944.65	delta=0.367928	xnorm=15.6736	gnorm=977.021
#14	err=0.150522	fx=3805.82	delta=0.231141	xnorm=16.4007	gnorm=216.103
#15	err=0.145649	fx=3694.97	delta=0.121515	xnorm=17.6152	gnorm=956.846
#16	err=0.133842	fx=3571.43	delta=0.104502	xnorm=19.4533	gnorm=1167.08
#17	err=0.128167	fx=3413.95	delta=0.114784	xnorm=20.1994	gnorm=470.289
#18	err=0.121976	fx=3335.13	delta=0.107896	xnorm=20.8089	gnorm=323.029
#19	err=0.117047	fx=3251.89	delta=0.0982632	xnorm=21.6886	gnorm=384.728
#20	err=0.109022	fx=3149.61	delta=0.0839285	xnorm=22.6063	gnorm=252.311
#21	err=0.104265	fx=3076.92	delta=0.0839159	xnorm=23.1502	gnorm=125.121
#22	err=0.0970996	fx=3018.11	delta=0.0774593	xnorm=23.6137	gnorm=84.475
#23	err=0.0929726	fx=2952.22	delta=0.0668627	xnorm=24.3216	gnorm=65.2124
#24	err=0.0866674	fx=2901.41	delta=0.0604938	xnorm=26.0034	gnorm=521.633
#25	err=0.0859223	fx=2862.38	delta=0.054404	xnorm=26.4823	gnorm=64.379
#26	err=0.0840307	fx=2841.42	delta=0.038993	xnorm=27.0996	gnorm=51.2826
#27	err=0.0800183	fx=2795.23	delta=0.0379857	xnorm=29.3137	gnorm=165.702
#28	err=0.076006	fx=2784.03	delta=0.0281431	xnorm=29.7565	gnorm=209.234
#29	err=0.0757194	fx=2773.38	delta=0.0245356	xnorm=29.9141	gnorm=45.7393
#30	err=0.0737132	fx=2759.21	delta=0.0130549	xnorm=30.4229	gnorm=177.626
#31	err=0.0725668	fx=2746.34	delta=0.0137259	xnorm=30.9277	gnorm=62.4915
#32	err=0.0722802	fx=2734.33	delta=0.0142806	xnorm=31.2658	gnorm=72.9099
#33	err=0.0698728	fx=2719.98	delta=0.014421	xnorm=32.0811	gnorm=83.2029
#34	err=0.070102	fx=2712.41	delta=0.012507	xnorm=32.2824	gnorm=58.4499
#35	err=0.0681532	fx=2703.01	delta=0.0115876	xnorm=32.7967	gnorm=37.4431
#36	err=0.0670068	fx=2696.02	delta=0.00888888	xnorm=33.2916	gnorm=46.7577
#37	err=0.0666628	fx=2690.3	delta=0.00821788	xnorm=33.7745	gnorm=80.5477
#38	err=0.0663762	fx=2685.15	delta=0.0066499	xnorm=34.2525	gnorm=70.7913
#39	err=0.0659177	fx=2680.95	delta=0.00562057	xnorm=34.6334	gnorm=53.4662
#40	err=0.0654591	fx=2676.58	delta=0.00512955	xnorm=34.9816	gnorm=61.6819
#41	err=0.0646567	fx=2673.1	delta=0.0045077	xnorm=35.3834	gnorm=81.1441
#42	err=0.0652299	fx=2670.01	delta=0.00409637	xnorm=35.6652	gnorm=45.4034
#43	err=0.0648286	fx=2667.22	delta=0.00350748	xnorm=35.9226	gnorm=29.9815
#44	err=0.0657457	fx=2664.55	delta=0.00321093	xnorm=36.2008	gnorm=50.0569
#45	err=0.0646567	fx=2662.49	delta=0.00282447	xnorm=36.3401	gnorm=33.1779
#46	err=0.065975	fx=2660.47	delta=0.00253716	xnorm=36.5103	gnorm=31.8524
#47	err=0.0651725	fx=2658.93	delta=0.00211358	xnorm=36.7463	gnorm=76.2077
#48	err=0.0655738	fx=2657.35	delta=0.00193447	xnorm=36.8321	gnorm=15.0182
#49	err=0.0651725	fx=2655.76	delta=0.00177504	xnorm=36.9745	gnorm=15.7692
#50	err=0.0651725	fx=2653.46	delta=0.00206076	xnorm=37.1647	gnorm=61.4366
#51	err=0.0651725	fx=2652.21	delta=0.00193649	xnorm=37.3106	gnorm=14.7357
#52	err=0.066147	fx=2651.1	delta=0.00175649	xnorm=37.3595	gnorm=30.197
#53	err=0.0652872	fx=2650	delta=0.00130299	xnorm=37.438	gnorm=54.3543
#54	err=0.0664336	fx=2648.99	delta=0.00121602	xnorm=37.4737	gnorm=41.7348
#55	err=0.0660323	fx=2648.1	delta=0.00113368	xnorm=37.5409	gnorm=32.4632
#56	err=0.0668348	fx=2647.22	delta=0.00105219	xnorm=37.5683	gnorm=36.257
#57	err=0.066147	fx=2646.31	delta=0.00101431	xnorm=37.641	gnorm=31.4812
#58	err=0.0666628	fx=2645.49	delta=0.000984513	xnorm=37.6513	gnorm=39.9907
#59	err=0.0664336	fx=2644.75	delta=0.000934254	xnorm=37.6901	gnorm=22.4544
#60	err=0.0662616	fx=2644.05	delta=0.000855155	xnorm=37.7168	gnorm=31.2278
#61	err=0.0660896	fx=2643.36	delta=0.000806342	xnorm=37.7428	gnorm=20.5099
#62	err=0.066147	fx=2642.7	delta=0.000773778	xnorm=37.7525	gnorm=23.1658
#63	err=0.065975	fx=2642.03	delta=0.000764987	xnorm=37.7831	gnorm=24.5634
#64	err=0.0662043	fx=2641.4	delta=0.00074171	xnorm=37.8058	gnorm=29.3339
#65	err=0.066147	fx=2640.8	delta=0.000719331	xnorm=37.8251	gnorm=22.0096
#66	err=0.0660896	fx=2640.3	delta=0.000654767	xnorm=37.8642	gnorm=15.8269
#67	err=0.0660323	fx=2639.83	delta=0.000594765	xnorm=37.9229	gnorm=24.4977
#68	err=0.0659177	fx=2639.4	delta=0.000531989	xnorm=37.9786	gnorm=16.9958
#69	err=0.0662616	fx=2639.04	delta=0.000477354	xnorm=38.0519	gnorm=19.3768
#70	err=0.0659177	fx=2638.7	delta=0.000427945	xnorm=38.0936	gnorm=12.5911
#71	err=0.0653445	fx=2638.28	delta=0.000423448	xnorm=38.1461	gnorm=11.8603
#72	err=0.0654018	fx=2637.83	delta=0.000456818	xnorm=38.2125	gnorm=16.5284
#73	err=0.0647713	fx=2637.58	delta=0.000424967	xnorm=38.2622	gnorm=29.8972
#74	err=0.065803	fx=2637.28	delta=0.000379836	xnorm=38.2797	gnorm=9.53339
#75	err=0.0654591	fx=2636.9	delta=0.000355302	xnorm=38.3221	gnorm=8.78962
#76	err=0.0658604	fx=2636.45	delta=0.000428614	xnorm=38.3783	gnorm=26.97
#77	err=0.0659177	fx=2636.23	delta=0.00039991	xnorm=38.4191	gnorm=23.9919
#78	err=0.0655738	fx=2636	delta=0.00033873	xnorm=38.4376	gnorm=17.1563
#79	err=0.0655165	fx=2635.76	delta=0.000262756	xnorm=38.4669	gnorm=10.7085
#80	err=0.065975	fx=2635.42	delta=0.000304329	xnorm=38.5364	gnorm=25.2359
#81	err=0.0658604	fx=2635.22	delta=0.000295904	xnorm=38.5669	gnorm=33.4307
#82	err=0.0655738	fx=2634.93	delta=0.00031598	xnorm=38.5832	gnorm=12.5724
#83	err=0.065975	fx=2634.73	delta=0.000264961	xnorm=38.5981	gnorm=9.22688
#84	err=0.0654018	fx=2634.45	delta=0.000292508	xnorm=38.6317	gnorm=22.3105
#85	err=0.065803	fx=2634.27	delta=0.000250281	xnorm=38.6656	gnorm=36.5497
#86	err=0.0651725	fx=2634.07	delta=0.000250599	xnorm=38.6646	gnorm=5.43391
#87	err=0.0654018	fx=2633.95	delta=0.000190761	xnorm=38.674	gnorm=5.18049
#88	err=0.0655165	fx=2633.73	delta=0.000203562	xnorm=38.7176	gnorm=20.5019
#89	err=0.0648859	fx=2633.56	delta=0.000191251	xnorm=38.7324	gnorm=22.5684
#90	err=0.0650006	fx=2633.46	delta=0.000186417	xnorm=38.7411	gnorm=5.80397
#91	err=0.0646567	fx=2633.33	delta=0.000152806	xnorm=38.7697	gnorm=20.5921
#92	err=0.064714	fx=2633.18	delta=0.000145931	xnorm=38.7882	gnorm=11.3631
#93	err=0.0644847	fx=2633.04	delta=0.000159595	xnorm=38.8288	gnorm=28.8014
#94	err=0.0646567	fx=2632.88	delta=0.000169596	xnorm=38.8546	gnorm=20.2597
#95	err=0.0640835	fx=2632.75	delta=0.000163043	xnorm=38.88	gnorm=11.2152
#96	err=0.064542	fx=2632.62	delta=0.000160752	xnorm=38.9146	gnorm=17.8863
#97	err=0.0643127	fx=2632.45	delta=0.000165715	xnorm=38.9693	gnorm=23.6062
#98	err=0.0650006	fx=2632.38	delta=0.000141225	xnorm=39.0212	gnorm=35.5895
#99	err=0.0640261	fx=2632.17	delta=0.000169355	xnorm=39.0721	gnorm=16.1018
#100	err=0.0642554	fx=2632.05	delta=0.000150846	xnorm=39.1103	gnorm=13.992
#101	err=0.0644274	fx=2631.89	delta=0.000184246	xnorm=39.1739	gnorm=14.6816
#102	err=0.0646567	fx=2631.81	delta=0.000136902	xnorm=39.237	gnorm=27.5056
#103	err=0.0640261	fx=2631.72	delta=0.000124435	xnorm=39.3129	gnorm=22.9528
#104	err=0.0641408	fx=2631.62	delta=0.000101969	xnorm=39.3111	gnorm=4.52798
#105	err=0.0642554	fx=2631.56	delta=9.31875e-05	xnorm=39.324	gnorm=6.98139
Exit code of training procedure: 1
Final features:  3744
