palindrome	MGM
palindrome	aha
palindrome	bib
palindrome	bob
palindrome	boob
palindrome	civic
volvogram	dab
palindrome	dad
volvogram	deb
palindrome	deed
palindrome	deified
palindrome	did
volvogram	diva
volvogram	doc
volvogram	drab
volvogram	dub
palindrome	dud
palindrome	eke
volvogram	era
palindrome	ere
volvogram	eta
palindrome	eve
palindrome	ewe
palindrome	eye
volvogram	faced
volvogram	gab
palindrome	gag
volvogram	garb
palindrome	gig
volvogram	gob
volvogram	god
volvogram	golf
volvogram	grub
volvogram	ha
palindrome	hah
volvogram	he
palindrome	huh
palindrome	kayak
palindrome	kook
volvogram	laced
volvogram	lag
volvogram	laid
volvogram	laud
volvogram	lee
volvogram	leek
volvogram	leg
palindrome	level
volvogram	live
volvogram	lived
volvogram	ma
palindrome	ma'am
volvogram	mad
palindrome	madam
volvogram	me
volvogram	meg
volvogram	mid
volvogram	mined
palindrome	minim
palindrome	mom
volvogram	mood
volvogram	mug
palindrome	mum
volvogram	nab
volvogram	nib
volvogram	nod
palindrome	non
palindrome	noon
volvogram	nub
palindrome	nun
volvogram	ogre
volvogram	oh
palindrome	oho
volvogram	on
volvogram	pal
volvogram	pan
palindrome	pap
volvogram	peed
volvogram	peek
palindrome	peep
palindrome	pep
volvogram	pin
palindrome	pip
volvogram	plug
volvogram	pol
volvogram	pooh
volvogram	pool
palindrome	poop
palindrome	pop
palindrome	pup
palindrome	radar
volvogram	raga
volvogram	rail
volvogram	raja
volvogram	ram
volvogram	rap
palindrome	redder
volvogram	reed
volvogram	reel
volvogram	ref
volvogram	refed
palindrome	refer
volvogram	regal
volvogram	reined
volvogram	relive
volvogram	rep
volvogram	repaid
volvogram	repel
volvogram	retool
volvogram	revel
volvogram	reviled
volvogram	reward
volvogram	rime
volvogram	rood
volvogram	room
palindrome	rotor
volvogram	rub
volvogram	sag
palindrome	sagas
volvogram	sap
volvogram	seep
palindrome	sees
volvogram	sera
volvogram	sered
palindrome	seres
palindrome	sexes
volvogram	shah
palindrome	shahs
volvogram	sip
palindrome	sis
volvogram	slag
volvogram	slap
volvogram	sleek
volvogram	sleep
volvogram	slim
volvogram	sloop
volvogram	slop
volvogram	smug
volvogram	snap
volvogram	snip
volvogram	snub
volvogram	snug
volvogram	sod
palindrome	solos
volvogram	span
volvogram	spans
volvogram	spar
volvogram	spas
volvogram	speed
volvogram	spin
volvogram	spins
volvogram	spool
volvogram	spools
volvogram	spoons
volvogram	stab
volvogram	star
palindrome	stats
volvogram	steels
volvogram	step
volvogram	stink
volvogram	stool
volvogram	stop
volvogram	stops
volvogram	strap
volvogram	strep
volvogram	stressed
volvogram	strop
volvogram	strops
volvogram	stub
volvogram	stun
volvogram	sub
volvogram	sung
volvogram	sup
volvogram	swam
volvogram	swap
volvogram	sward
volvogram	tab
volvogram	tam
volvogram	tang
volvogram	tap
volvogram	taps
volvogram	tar
volvogram	tarps
palindrome	tat
volvogram	teem
volvogram	ten
palindrome	tenet
volvogram	ti
volvogram	tide
volvogram	time
volvogram	timer
volvogram	tin
volvogram	tins
volvogram	tip
volvogram	tips
palindrome	tit
volvogram	tog
volvogram	ton
volvogram	tons
volvogram	tool
palindrome	toot
volvogram	top
volvogram	tops
volvogram	tor
palindrome	tot
volvogram	tram
volvogram	trams
volvogram	trap
volvogram	trig
volvogram	trot
volvogram	tub
volvogram	tuba
volvogram	tubed
volvogram	tuber
volvogram	tug
volvogram	tun
volvogram	um
volvogram	war
volvogram	ward
volvogram	warder
volvogram	warts
volvogram	was
volvogram	wed
volvogram	wen
volvogram	wets
volvogram	wolf
volvogram	won
volvogram	wot
palindrome	wow
volvogram	ya
volvogram	yam
volvogram	yap
volvogram	yaps
volvogram	yard
volvogram	yaw
volvogram	yaws
