#SENTENCENUM	1
This	lc_Ul5	sf_IS	sf_HIS	sf_THIS	NOTAG	BEZ	DT
is	lc_l5	sf_IS	sf_	sf_	QL_DT	NP_AT	BEZ
a	lc_l1	sf_	sf_	sf_	BEZ	NOTAG	AT
GNU/Linux	lc_U/Ul	sf_UX	sf_NUX	sf_INUX	NP_AT	NOTAG	NN
distibution	lc_l	sf_ON	sf_ION	sf_TION	NOTAG	.	NN
.	lc_noalpha	sf_	sf_	sf_	NOTAG	NOTAG	.

#SENTENCENUM	2
10	lc_d	sf_10	sf_	sf_	NOTAG	RB_JJ_AP	CD
little	lc_l	sf_LE	sf_TLE	sf_TTLE	NOTAG	VBZ_NNS	JJ
monkeys	lc_l	sf_YS	sf_EYS	sf_KEYS	RB_JJ_AP	JJing_VBG_NN	NNS
jumping	lc_l	sf_NG	sf_ING	sf_PING	VBZ_NNS	RP_IN	VBG
on	lc_l5	sf_ON	sf_	sf_	JJing_VBG_NN	ATI	IN
the	lc_l5	sf_HE	sf_THE	sf_	RP_IN	VB_NN	ATI
bed	lc_l5	sf_ED	sf_BED	sf_	ATI	;	NN
;	lc_noalpha	sf_	sf_	sf_	VB_NN	PN_CD1	;
One	lc_Ul5	sf_NE	sf_ONE	sf_	;	VBD_VB_NN	CD1
fell	lc_l5	sf_LL	sf_ELL	sf_FELL	PN_CD1	VB_RP_JJ_IN	VBD
off	lc_l5	sf_FF	sf_OFF	sf_	VBD_VB_NN	CC	RP
and	lc_l5	sf_ND	sf_AND	sf_	VB_RP_JJ_IN	VBD	CC
broke	lc_l5	sf_KE	sf_OKE	sf_ROKE	CC	PP$$_PP$	VBD
his	lc_l5	sf_IS	sf_HIS	sf_	VBD	VB_NN_JJ	PP3
head	lc_l5	sf_AD	sf_EAD	sf_HEAD	PP$$_PP$	.	NN
.	lc_noalpha	sf_	sf_	sf_	VB_NN_JJ	NOTAG	.

